Using pre-set license
Built from '2020.3/release' branch; Version is '2020.3.12f1 (b3b2c6512326) revision 11776710'; Using compiler version '192528614'; Build Type 'Release'
OS: 'Windows 10 Pro; OS build 19044.1706; Version 2009; 64bit' Language: 'ko' Physical Memory: 16243 MB
BatchMode: 1, IsHumanControllingUs: 0, StartBugReporterOnCrash: 0, Is64bit: 1, IsPro: 0

 COMMAND LINE ARGUMENTS:
C:\Program Files\Unity\Hub\Editor\2020.3.12f1\Editor\Unity.exe
-adb2
-batchMode
-noUpm
-name
AssetImportWorker0
-projectPath
C:/Users/loveg/Desktop/DogFoot/practice/ChickAttack
-logFile
Logs/AssetImportWorker0.log
-srvPort
64088
Successfully changed project path to: C:/Users/loveg/Desktop/DogFoot/practice/ChickAttack
C:/Users/loveg/Desktop/DogFoot/practice/ChickAttack
Using Asset Import Pipeline V2.
Refreshing native plugins compatible for Editor in 140.92 ms, found 3 plugins.
Preloading 0 native plugins for Editor in 0.00 ms.
Initialize engine version: 2020.3.12f1 (b3b2c6512326)
[Subsystems] Discovering subsystems at path C:/Program Files/Unity/Hub/Editor/2020.3.12f1/Editor/Data/Resources/UnitySubsystems
[Subsystems] Discovering subsystems at path C:/Users/loveg/Desktop/DogFoot/practice/ChickAttack/Assets
GfxDevice: creating device client; threaded=0
Direct3D:
    Version:  Direct3D 11.0 [level 11.1]
    Renderer: Intel(R) HD Graphics 620 (ID=0x5916)
    Vendor:   
    VRAM:     8121 MB
    Driver:   21.20.16.4534
Initialize mono
Mono path[0] = 'C:/Program Files/Unity/Hub/Editor/2020.3.12f1/Editor/Data/Managed'
Mono path[1] = 'C:/Program Files/Unity/Hub/Editor/2020.3.12f1/Editor/Data/MonoBleedingEdge/lib/mono/unityjit'
Mono config path = 'C:/Program Files/Unity/Hub/Editor/2020.3.12f1/Editor/Data/MonoBleedingEdge/etc'
Using monoOptions --debugger-agent=transport=dt_socket,embedding=1,server=y,suspend=n,address=127.0.0.1:56960
Begin MonoManager ReloadAssembly
Registering precompiled unity dll's ...
Register platform support module: C:/Program Files/Unity/Hub/Editor/2020.3.12f1/Editor/Data/PlaybackEngines/WindowsStandaloneSupport/UnityEditor.WindowsStandalone.Extensions.dll
Registered in 0.013110 seconds.
Native extension for WindowsStandalone target not found
Refreshing native plugins compatible for Editor in 100.65 ms, found 3 plugins.
Preloading 0 native plugins for Editor in 0.00 ms.
Mono: successfully reloaded assembly
- Completed reload, in  3.253 seconds
Platform modules already initialized, skipping
Registering precompiled user dll's ...
Registered in 0.021455 seconds.
Begin MonoManager ReloadAssembly
Native extension for WindowsStandalone target not found
Refreshing native plugins compatible for Editor in 100.46 ms, found 3 plugins.
Preloading 0 native plugins for Editor in 0.00 ms.
Mono: successfully reloaded assembly
- Completed reload, in  2.938 seconds
Platform modules already initialized, skipping
========================================================================
Worker process is ready to serve import requests
Launched and connected shader compiler UnityShaderCompiler.exe after 0.14 seconds
Refreshing native plugins compatible for Editor in 0.94 ms, found 3 plugins.
Preloading 0 native plugins for Editor in 0.00 ms.
Unloading 2080 Unused Serialized files (Serialized files now loaded: 0)
System memory in use before: 95.4 MB.
System memory in use after: 95.4 MB.

Unloading 33 unused Assets to reduce memory usage. Loaded Objects now: 2513.
Total: 5.805500 ms (FindLiveObjects: 0.555800 ms CreateObjectMapping: 0.304400 ms MarkObjects: 4.684200 ms  DeleteObjects: 0.257800 ms)

AssetImportParameters requested are different than current active one (requested -> active):
  custom:framework-win-MediaFoundation: 216162199b28c13a410421893ffa2e32 -> 
  custom:video-decoder-ogg-theora: a1e56fd34408186e4bbccfd4996cb3dc -> 
  custom:container-muxer-webm: aa71ff27fc2769a1b78a27578f13a17b -> 
  custom:container-demuxer-webm: 4f35f7cbe854078d1ac9338744f61a02 -> 
  custom:container-demuxer-ogg: 62fdf1f143b41e24485cea50d1cbac27 -> 
  custom:video-encoder-webm-vp8: eb34c28f22e8b96e1ab97ce403110664 -> 
  custom:video-codec-MediaFoundation-h265: 746d11721c4dcdbdad8f713fa42b33f4 -> 
  custom:video-decoder-webm-vp8: 9c59270c3fd7afecdb556c50c9e8de78 -> 
  custom:audio-decoder-ogg-vorbis: bf7c407c2cedff20999df2af8eb42d56 -> 
  custom:audio-encoder-webm-vorbis: bf7c407c2cedff20999df2af8eb42d56 -> 
========================================================================
Received Import Request.
  path: Assets/ChickGameMaterials.png
  artifactKey: Guid(36d90daa961a3db439bf1d43a1d5d7c2) Importer(815301076,1909f56bfc062723c751e8b465ee728b)
Start importing Assets/ChickGameMaterials.png using Guid(36d90daa961a3db439bf1d43a1d5d7c2) Importer(815301076,1909f56bfc062723c751e8b465ee728b)  -> (artifact id: 'db3b17e94bc27b2804e5bf53a88c9526') in 0.489819 seconds 
  Import took 0.496999 seconds .

========================================================================
Received Import Request.
  Time since last request: 261.400390 seconds.
  path: Assets/ChickGameMaterials.png
  artifactKey: Guid(36d90daa961a3db439bf1d43a1d5d7c2) Importer(815301076,1909f56bfc062723c751e8b465ee728b)
Start importing Assets/ChickGameMaterials.png using Guid(36d90daa961a3db439bf1d43a1d5d7c2) Importer(815301076,1909f56bfc062723c751e8b465ee728b)  -> (artifact id: '00b10bf0868d1f6edfaef2526738543b') in 0.032518 seconds 
  Import took 0.048120 seconds .

========================================================================
Received Import Request.
  Time since last request: 156.119672 seconds.
  path: Assets/ChickGameMaterials.png
  artifactKey: Guid(36d90daa961a3db439bf1d43a1d5d7c2) Importer(815301076,1909f56bfc062723c751e8b465ee728b)
Start importing Assets/ChickGameMaterials.png using Guid(36d90daa961a3db439bf1d43a1d5d7c2) Importer(815301076,1909f56bfc062723c751e8b465ee728b)  -> (artifact id: '50ff0b4ffcaa4474baafb5f06ab1472f') in 0.066907 seconds 
  Import took 0.072936 seconds .

========================================================================
Received Import Request.
  Time since last request: 4758.711393 seconds.
  path: Assets/ChickGameMaterials.png
  artifactKey: Guid(36d90daa961a3db439bf1d43a1d5d7c2) Importer(815301076,1909f56bfc062723c751e8b465ee728b)
Start importing Assets/ChickGameMaterials.png using Guid(36d90daa961a3db439bf1d43a1d5d7c2) Importer(815301076,1909f56bfc062723c751e8b465ee728b)  -> (artifact id: 'bd62b786af2b4d2bf11811ce96388e1c') in 0.057262 seconds 
  Import took 0.064280 seconds .

========================================================================
Received Import Request.
  Time since last request: 231.863782 seconds.
  path: Assets
  artifactKey: Guid(00000000000000001000000000000000) Importer(815301076,1909f56bfc062723c751e8b465ee728b)
Start importing Assets using Guid(00000000000000001000000000000000) Importer(815301076,1909f56bfc062723c751e8b465ee728b)  -> (artifact id: '42d402b061de3733987d63b9cc3b64de') in 0.010448 seconds 
  Import took 0.015788 seconds .

========================================================================
Received Import Request.
  Time since last request: 0.000900 seconds.
  path: Assets
  artifactKey: Guid(00000000000000001000000000000000) Importer(815301076,1909f56bfc062723c751e8b465ee728b)
Start importing Assets using Guid(00000000000000001000000000000000) Importer(815301076,1909f56bfc062723c751e8b465ee728b)  -> (artifact id: '42d402b061de3733987d63b9cc3b64de') in 0.006071 seconds 
  Import took 0.012110 seconds .

========================================================================
Received Import Request.
  Time since last request: 19.663707 seconds.
  path: Assets/PlayerController.cs
  artifactKey: Guid(fa0b06c0985021447956f5471d2cabb6) Importer(815301076,1909f56bfc062723c751e8b465ee728b)
Start importing Assets/PlayerController.cs using Guid(fa0b06c0985021447956f5471d2cabb6) Importer(815301076,1909f56bfc062723c751e8b465ee728b)  -> (artifact id: '92804f72d38f06f843b4dbd878bf97b1') in 0.070585 seconds 
  Import took 0.079232 seconds .

========================================================================
Received Prepare
Registering precompiled user dll's ...
Registered in 0.014584 seconds.
Begin MonoManager ReloadAssembly
Native extension for WindowsStandalone target not found
Refreshing native plugins compatible for Editor in 0.50 ms, found 3 plugins.
Preloading 0 native plugins for Editor in 0.00 ms.
Mono: successfully reloaded assembly
- Completed reload, in  1.638 seconds
Platform modules already initialized, skipping
Refreshing native plugins compatible for Editor in 0.83 ms, found 3 plugins.
Preloading 0 native plugins for Editor in 0.00 ms.
Unloading 2076 Unused Serialized files (Serialized files now loaded: 0)
System memory in use before: 98.4 MB.
System memory in use after: 98.3 MB.

Unloading 21 unused Assets to reduce memory usage. Loaded Objects now: 2540.
Total: 2.789100 ms (FindLiveObjects: 0.207000 ms CreateObjectMapping: 0.088300 ms MarkObjects: 2.377300 ms  DeleteObjects: 0.115000 ms)

AssetImportParameters requested are different than current active one (requested -> active):
  custom:framework-win-MediaFoundation: 216162199b28c13a410421893ffa2e32 -> 
  custom:video-decoder-ogg-theora: a1e56fd34408186e4bbccfd4996cb3dc -> 
  custom:container-muxer-webm: aa71ff27fc2769a1b78a27578f13a17b -> 
  custom:container-demuxer-webm: 4f35f7cbe854078d1ac9338744f61a02 -> 
  custom:container-demuxer-ogg: 62fdf1f143b41e24485cea50d1cbac27 -> 
  custom:video-encoder-webm-vp8: eb34c28f22e8b96e1ab97ce403110664 -> 
  custom:video-codec-MediaFoundation-h265: 746d11721c4dcdbdad8f713fa42b33f4 -> 
  custom:video-decoder-webm-vp8: 9c59270c3fd7afecdb556c50c9e8de78 -> 
  custom:audio-decoder-ogg-vorbis: bf7c407c2cedff20999df2af8eb42d56 -> 
  custom:audio-encoder-webm-vorbis: bf7c407c2cedff20999df2af8eb42d56 -> 
========================================================================
Received Prepare
Registering precompiled user dll's ...
Registered in 0.012777 seconds.
Begin MonoManager ReloadAssembly
Native extension for WindowsStandalone target not found
Refreshing native plugins compatible for Editor in 0.59 ms, found 3 plugins.
Preloading 0 native plugins for Editor in 0.00 ms.
Mono: successfully reloaded assembly
- Completed reload, in  1.498 seconds
Platform modules already initialized, skipping
Refreshing native plugins compatible for Editor in 1.31 ms, found 3 plugins.
Preloading 0 native plugins for Editor in 0.00 ms.
Unloading 2076 Unused Serialized files (Serialized files now loaded: 0)
System memory in use before: 98.4 MB.
System memory in use after: 98.4 MB.

Unloading 21 unused Assets to reduce memory usage. Loaded Objects now: 2544.
Total: 2.848100 ms (FindLiveObjects: 0.327200 ms CreateObjectMapping: 0.158800 ms MarkObjects: 2.205700 ms  DeleteObjects: 0.154800 ms)

AssetImportParameters requested are different than current active one (requested -> active):
  custom:framework-win-MediaFoundation: 216162199b28c13a410421893ffa2e32 -> 
  custom:video-decoder-ogg-theora: a1e56fd34408186e4bbccfd4996cb3dc -> 
  custom:container-muxer-webm: aa71ff27fc2769a1b78a27578f13a17b -> 
  custom:container-demuxer-webm: 4f35f7cbe854078d1ac9338744f61a02 -> 
  custom:container-demuxer-ogg: 62fdf1f143b41e24485cea50d1cbac27 -> 
  custom:video-encoder-webm-vp8: eb34c28f22e8b96e1ab97ce403110664 -> 
  custom:video-codec-MediaFoundation-h265: 746d11721c4dcdbdad8f713fa42b33f4 -> 
  custom:video-decoder-webm-vp8: 9c59270c3fd7afecdb556c50c9e8de78 -> 
  custom:audio-decoder-ogg-vorbis: bf7c407c2cedff20999df2af8eb42d56 -> 
  custom:audio-encoder-webm-vorbis: bf7c407c2cedff20999df2af8eb42d56 -> 
========================================================================
Received Import Request.
  Time since last request: 255.092913 seconds.
  path: Assets/PlayerController.cs
  artifactKey: Guid(fa0b06c0985021447956f5471d2cabb6) Importer(815301076,1909f56bfc062723c751e8b465ee728b)
Start importing Assets/PlayerController.cs using Guid(fa0b06c0985021447956f5471d2cabb6) Importer(815301076,1909f56bfc062723c751e8b465ee728b)  -> (artifact id: '2955a586ae5b7a6dc77fefa633ae141b') in 0.008230 seconds 
  Import took 0.012154 seconds .

========================================================================
Received Prepare
Registering precompiled user dll's ...
Registered in 0.008644 seconds.
Begin MonoManager ReloadAssembly
Native extension for WindowsStandalone target not found
Refreshing native plugins compatible for Editor in 0.51 ms, found 3 plugins.
Preloading 0 native plugins for Editor in 0.00 ms.
Mono: successfully reloaded assembly
- Completed reload, in  1.493 seconds
Platform modules already initialized, skipping
Refreshing native plugins compatible for Editor in 1.17 ms, found 3 plugins.
Preloading 0 native plugins for Editor in 0.00 ms.
Unloading 2076 Unused Serialized files (Serialized files now loaded: 0)
System memory in use before: 98.4 MB.
System memory in use after: 98.4 MB.

Unloading 21 unused Assets to reduce memory usage. Loaded Objects now: 2548.
Total: 2.728900 ms (FindLiveObjects: 0.209100 ms CreateObjectMapping: 0.096700 ms MarkObjects: 2.292500 ms  DeleteObjects: 0.129300 ms)

AssetImportParameters requested are different than current active one (requested -> active):
  custom:framework-win-MediaFoundation: 216162199b28c13a410421893ffa2e32 -> 
  custom:video-decoder-ogg-theora: a1e56fd34408186e4bbccfd4996cb3dc -> 
  custom:container-muxer-webm: aa71ff27fc2769a1b78a27578f13a17b -> 
  custom:container-demuxer-webm: 4f35f7cbe854078d1ac9338744f61a02 -> 
  custom:container-demuxer-ogg: 62fdf1f143b41e24485cea50d1cbac27 -> 
  custom:video-encoder-webm-vp8: eb34c28f22e8b96e1ab97ce403110664 -> 
  custom:video-codec-MediaFoundation-h265: 746d11721c4dcdbdad8f713fa42b33f4 -> 
  custom:video-decoder-webm-vp8: 9c59270c3fd7afecdb556c50c9e8de78 -> 
  custom:audio-decoder-ogg-vorbis: bf7c407c2cedff20999df2af8eb42d56 -> 
  custom:audio-encoder-webm-vorbis: bf7c407c2cedff20999df2af8eb42d56 -> 
========================================================================
Received Import Request.
  Time since last request: 367.846077 seconds.
  path: Assets/PlayerController.cs
  artifactKey: Guid(fa0b06c0985021447956f5471d2cabb6) Importer(815301076,1909f56bfc062723c751e8b465ee728b)
Start importing Assets/PlayerController.cs using Guid(fa0b06c0985021447956f5471d2cabb6) Importer(815301076,1909f56bfc062723c751e8b465ee728b)  -> (artifact id: '4e1f97eb8657b62fc245de977f4fc200') in 0.007628 seconds 
  Import took 0.014188 seconds .

========================================================================
Received Prepare
Registering precompiled user dll's ...
Registered in 0.010067 seconds.
Begin MonoManager ReloadAssembly
Native extension for WindowsStandalone target not found
Refreshing native plugins compatible for Editor in 0.48 ms, found 3 plugins.
Preloading 0 native plugins for Editor in 0.00 ms.
Mono: successfully reloaded assembly
- Completed reload, in  1.642 seconds
Platform modules already initialized, skipping
Refreshing native plugins compatible for Editor in 1.77 ms, found 3 plugins.
Preloading 0 native plugins for Editor in 0.00 ms.
Unloading 2076 Unused Serialized files (Serialized files now loaded: 0)
System memory in use before: 98.5 MB.
System memory in use after: 98.4 MB.

Unloading 21 unused Assets to reduce memory usage. Loaded Objects now: 2552.
Total: 7.420500 ms (FindLiveObjects: 0.349400 ms CreateObjectMapping: 1.279100 ms MarkObjects: 5.664700 ms  DeleteObjects: 0.124700 ms)

AssetImportParameters requested are different than current active one (requested -> active):
  custom:framework-win-MediaFoundation: 216162199b28c13a410421893ffa2e32 -> 
  custom:video-decoder-ogg-theora: a1e56fd34408186e4bbccfd4996cb3dc -> 
  custom:container-muxer-webm: aa71ff27fc2769a1b78a27578f13a17b -> 
  custom:container-demuxer-webm: 4f35f7cbe854078d1ac9338744f61a02 -> 
  custom:container-demuxer-ogg: 62fdf1f143b41e24485cea50d1cbac27 -> 
  custom:video-encoder-webm-vp8: eb34c28f22e8b96e1ab97ce403110664 -> 
  custom:video-codec-MediaFoundation-h265: 746d11721c4dcdbdad8f713fa42b33f4 -> 
  custom:video-decoder-webm-vp8: 9c59270c3fd7afecdb556c50c9e8de78 -> 
  custom:audio-decoder-ogg-vorbis: bf7c407c2cedff20999df2af8eb42d56 -> 
  custom:audio-encoder-webm-vorbis: bf7c407c2cedff20999df2af8eb42d56 -> 
========================================================================
Received Import Request.
  Time since last request: 165.233255 seconds.
  path: Assets/CannonBall.prefab
  artifactKey: Guid(bc231ae2c6571ee439b314d77ab60083) Importer(815301076,1909f56bfc062723c751e8b465ee728b)
Start importing Assets/CannonBall.prefab using Guid(bc231ae2c6571ee439b314d77ab60083) Importer(815301076,1909f56bfc062723c751e8b465ee728b)  -> (artifact id: '6ec5a88adcd52e5c7b6e6ab7ae836071') in 0.132712 seconds 
  Import took 0.139149 seconds .

========================================================================
Received Import Request.
  Time since last request: 8.036382 seconds.
  path: Assets/CannonBallPrefab.prefab
  artifactKey: Guid(bc231ae2c6571ee439b314d77ab60083) Importer(815301076,1909f56bfc062723c751e8b465ee728b)
Start importing Assets/CannonBallPrefab.prefab using Guid(bc231ae2c6571ee439b314d77ab60083) Importer(815301076,1909f56bfc062723c751e8b465ee728b)  -> (artifact id: '5eb207984ddfda239417797210bcaf85') in 0.032746 seconds 
  Import took 0.039477 seconds .

========================================================================
Received Prepare
Registering precompiled user dll's ...
Registered in 0.008956 seconds.
Begin MonoManager ReloadAssembly
Native extension for WindowsStandalone target not found
Refreshing native plugins compatible for Editor in 0.77 ms, found 3 plugins.
Preloading 0 native plugins for Editor in 0.00 ms.
Mono: successfully reloaded assembly
- Completed reload, in  1.378 seconds
Platform modules already initialized, skipping
Refreshing native plugins compatible for Editor in 0.85 ms, found 3 plugins.
Preloading 0 native plugins for Editor in 0.00 ms.
Unloading 2076 Unused Serialized files (Serialized files now loaded: 0)
System memory in use before: 98.5 MB.
System memory in use after: 98.5 MB.

Unloading 21 unused Assets to reduce memory usage. Loaded Objects now: 2561.
Total: 2.822200 ms (FindLiveObjects: 0.209200 ms CreateObjectMapping: 0.094700 ms MarkObjects: 2.384500 ms  DeleteObjects: 0.132600 ms)

AssetImportParameters requested are different than current active one (requested -> active):
  custom:framework-win-MediaFoundation: 216162199b28c13a410421893ffa2e32 -> 
  custom:video-decoder-ogg-theora: a1e56fd34408186e4bbccfd4996cb3dc -> 
  custom:container-muxer-webm: aa71ff27fc2769a1b78a27578f13a17b -> 
  custom:container-demuxer-webm: 4f35f7cbe854078d1ac9338744f61a02 -> 
  custom:container-demuxer-ogg: 62fdf1f143b41e24485cea50d1cbac27 -> 
  custom:video-encoder-webm-vp8: eb34c28f22e8b96e1ab97ce403110664 -> 
  custom:video-codec-MediaFoundation-h265: 746d11721c4dcdbdad8f713fa42b33f4 -> 
  custom:video-decoder-webm-vp8: 9c59270c3fd7afecdb556c50c9e8de78 -> 
  custom:audio-decoder-ogg-vorbis: bf7c407c2cedff20999df2af8eb42d56 -> 
  custom:audio-encoder-webm-vorbis: bf7c407c2cedff20999df2af8eb42d56 -> 
========================================================================
Received Prepare
Registering precompiled user dll's ...
Registered in 0.022425 seconds.
Begin MonoManager ReloadAssembly
Native extension for WindowsStandalone target not found
Refreshing native plugins compatible for Editor in 0.64 ms, found 3 plugins.
Preloading 0 native plugins for Editor in 0.00 ms.
Mono: successfully reloaded assembly
- Completed reload, in  1.351 seconds
Platform modules already initialized, skipping
Refreshing native plugins compatible for Editor in 7.70 ms, found 3 plugins.
Preloading 0 native plugins for Editor in 0.00 ms.
Unloading 2076 Unused Serialized files (Serialized files now loaded: 0)
System memory in use before: 98.5 MB.
System memory in use after: 98.5 MB.

Unloading 21 unused Assets to reduce memory usage. Loaded Objects now: 2565.
Total: 2.879600 ms (FindLiveObjects: 0.212600 ms CreateObjectMapping: 0.096200 ms MarkObjects: 2.441900 ms  DeleteObjects: 0.127600 ms)

AssetImportParameters requested are different than current active one (requested -> active):
  custom:framework-win-MediaFoundation: 216162199b28c13a410421893ffa2e32 -> 
  custom:video-decoder-ogg-theora: a1e56fd34408186e4bbccfd4996cb3dc -> 
  custom:container-muxer-webm: aa71ff27fc2769a1b78a27578f13a17b -> 
  custom:container-demuxer-webm: 4f35f7cbe854078d1ac9338744f61a02 -> 
  custom:container-demuxer-ogg: 62fdf1f143b41e24485cea50d1cbac27 -> 
  custom:video-encoder-webm-vp8: eb34c28f22e8b96e1ab97ce403110664 -> 
  custom:video-codec-MediaFoundation-h265: 746d11721c4dcdbdad8f713fa42b33f4 -> 
  custom:video-decoder-webm-vp8: 9c59270c3fd7afecdb556c50c9e8de78 -> 
  custom:audio-decoder-ogg-vorbis: bf7c407c2cedff20999df2af8eb42d56 -> 
  custom:audio-encoder-webm-vorbis: bf7c407c2cedff20999df2af8eb42d56 -> 
========================================================================
Received Import Request.
  Time since last request: 747.522765 seconds.
  path: Assets/DestroyObj.cs
  artifactKey: Guid(62c985b9cab564e43b647594188d49bb) Importer(815301076,1909f56bfc062723c751e8b465ee728b)
Start importing Assets/DestroyObj.cs using Guid(62c985b9cab564e43b647594188d49bb) Importer(815301076,1909f56bfc062723c751e8b465ee728b)  -> (artifact id: '29465d2ce8f240ab321be99d2709854d') in 0.015393 seconds 
  Import took 0.023328 seconds .

========================================================================
Received Prepare
Registering precompiled user dll's ...
Registered in 0.039877 seconds.
Begin MonoManager ReloadAssembly
Native extension for WindowsStandalone target not found
Refreshing native plugins compatible for Editor in 0.48 ms, found 3 plugins.
Preloading 0 native plugins for Editor in 0.00 ms.
Mono: successfully reloaded assembly
- Completed reload, in  1.386 seconds
Platform modules already initialized, skipping
Refreshing native plugins compatible for Editor in 6.25 ms, found 3 plugins.
Preloading 0 native plugins for Editor in 0.00 ms.
Unloading 2077 Unused Serialized files (Serialized files now loaded: 0)
System memory in use before: 98.6 MB.
System memory in use after: 98.5 MB.

Unloading 21 unused Assets to reduce memory usage. Loaded Objects now: 2570.
Total: 2.566200 ms (FindLiveObjects: 0.199900 ms CreateObjectMapping: 0.107200 ms MarkObjects: 2.139000 ms  DeleteObjects: 0.118900 ms)

AssetImportParameters requested are different than current active one (requested -> active):
  custom:framework-win-MediaFoundation: 216162199b28c13a410421893ffa2e32 -> 
  custom:video-decoder-ogg-theora: a1e56fd34408186e4bbccfd4996cb3dc -> 
  custom:container-muxer-webm: aa71ff27fc2769a1b78a27578f13a17b -> 
  custom:container-demuxer-webm: 4f35f7cbe854078d1ac9338744f61a02 -> 
  custom:container-demuxer-ogg: 62fdf1f143b41e24485cea50d1cbac27 -> 
  custom:video-encoder-webm-vp8: eb34c28f22e8b96e1ab97ce403110664 -> 
  custom:video-codec-MediaFoundation-h265: 746d11721c4dcdbdad8f713fa42b33f4 -> 
  custom:video-decoder-webm-vp8: 9c59270c3fd7afecdb556c50c9e8de78 -> 
  custom:audio-decoder-ogg-vorbis: bf7c407c2cedff20999df2af8eb42d56 -> 
  custom:audio-encoder-webm-vorbis: bf7c407c2cedff20999df2af8eb42d56 -> 
========================================================================
Received Import Request.
  Time since last request: 58.203153 seconds.
  path: Assets/DestroyObj.cs
  artifactKey: Guid(62c985b9cab564e43b647594188d49bb) Importer(815301076,1909f56bfc062723c751e8b465ee728b)
Start importing Assets/DestroyObj.cs using Guid(62c985b9cab564e43b647594188d49bb) Importer(815301076,1909f56bfc062723c751e8b465ee728b)  -> (artifact id: '8e8a59a68fd855737b1af380c909c647') in 0.014711 seconds 
  Import took 0.020577 seconds .

========================================================================
Received Prepare
Registering precompiled user dll's ...
Registered in 0.013714 seconds.
Begin MonoManager ReloadAssembly
Native extension for WindowsStandalone target not found
Refreshing native plugins compatible for Editor in 0.49 ms, found 3 plugins.
Preloading 0 native plugins for Editor in 0.00 ms.
Mono: successfully reloaded assembly
- Completed reload, in  1.377 seconds
Platform modules already initialized, skipping
Refreshing native plugins compatible for Editor in 0.81 ms, found 3 plugins.
Preloading 0 native plugins for Editor in 0.00 ms.
Unloading 2077 Unused Serialized files (Serialized files now loaded: 0)
System memory in use before: 98.6 MB.
System memory in use after: 98.5 MB.

Unloading 21 unused Assets to reduce memory usage. Loaded Objects now: 2574.
Total: 2.500300 ms (FindLiveObjects: 0.217800 ms CreateObjectMapping: 0.099900 ms MarkObjects: 2.061200 ms  DeleteObjects: 0.120300 ms)

AssetImportParameters requested are different than current active one (requested -> active):
  custom:framework-win-MediaFoundation: 216162199b28c13a410421893ffa2e32 -> 
  custom:video-decoder-ogg-theora: a1e56fd34408186e4bbccfd4996cb3dc -> 
  custom:container-muxer-webm: aa71ff27fc2769a1b78a27578f13a17b -> 
  custom:container-demuxer-webm: 4f35f7cbe854078d1ac9338744f61a02 -> 
  custom:container-demuxer-ogg: 62fdf1f143b41e24485cea50d1cbac27 -> 
  custom:video-encoder-webm-vp8: eb34c28f22e8b96e1ab97ce403110664 -> 
  custom:video-codec-MediaFoundation-h265: 746d11721c4dcdbdad8f713fa42b33f4 -> 
  custom:video-decoder-webm-vp8: 9c59270c3fd7afecdb556c50c9e8de78 -> 
  custom:audio-decoder-ogg-vorbis: bf7c407c2cedff20999df2af8eb42d56 -> 
  custom:audio-encoder-webm-vorbis: bf7c407c2cedff20999df2af8eb42d56 -> 
========================================================================
Received Import Request.
  Time since last request: 25.712868 seconds.
  path: Assets/DestroyObj.cs
  artifactKey: Guid(62c985b9cab564e43b647594188d49bb) Importer(815301076,1909f56bfc062723c751e8b465ee728b)
Start importing Assets/DestroyObj.cs using Guid(62c985b9cab564e43b647594188d49bb) Importer(815301076,1909f56bfc062723c751e8b465ee728b)  -> (artifact id: 'b0e8ab38d7a613c0598e0eeef824db66') in 0.007740 seconds 
  Import took 0.011368 seconds .

========================================================================
Received Import Request.
  Time since last request: 32.969271 seconds.
  path: Assets/CannonBallPrefab.prefab
  artifactKey: Guid(bc231ae2c6571ee439b314d77ab60083) Importer(815301076,1909f56bfc062723c751e8b465ee728b)
Start importing Assets/CannonBallPrefab.prefab using Guid(bc231ae2c6571ee439b314d77ab60083) Importer(815301076,1909f56bfc062723c751e8b465ee728b)  -> (artifact id: '20a1d9f029cfbabd224ba3e9aa657f7d') in 0.119959 seconds 
  Import took 0.127777 seconds .

========================================================================
Received Prepare
Registering precompiled user dll's ...
Registered in 0.010017 seconds.
Begin MonoManager ReloadAssembly
Native extension for WindowsStandalone target not found
Refreshing native plugins compatible for Editor in 0.48 ms, found 3 plugins.
Preloading 0 native plugins for Editor in 0.00 ms.
Mono: successfully reloaded assembly
- Completed reload, in  1.713 seconds
Platform modules already initialized, skipping
Refreshing native plugins compatible for Editor in 0.78 ms, found 3 plugins.
Preloading 0 native plugins for Editor in 0.00 ms.
Unloading 2077 Unused Serialized files (Serialized files now loaded: 0)
System memory in use before: 98.6 MB.
System memory in use after: 98.6 MB.

Unloading 21 unused Assets to reduce memory usage. Loaded Objects now: 2579.
Total: 4.086500 ms (FindLiveObjects: 0.367600 ms CreateObjectMapping: 0.453300 ms MarkObjects: 3.008800 ms  DeleteObjects: 0.254100 ms)

AssetImportParameters requested are different than current active one (requested -> active):
  custom:framework-win-MediaFoundation: 216162199b28c13a410421893ffa2e32 -> 
  custom:video-decoder-ogg-theora: a1e56fd34408186e4bbccfd4996cb3dc -> 
  custom:container-muxer-webm: aa71ff27fc2769a1b78a27578f13a17b -> 
  custom:container-demuxer-webm: 4f35f7cbe854078d1ac9338744f61a02 -> 
  custom:container-demuxer-ogg: 62fdf1f143b41e24485cea50d1cbac27 -> 
  custom:video-encoder-webm-vp8: eb34c28f22e8b96e1ab97ce403110664 -> 
  custom:video-codec-MediaFoundation-h265: 746d11721c4dcdbdad8f713fa42b33f4 -> 
  custom:video-decoder-webm-vp8: 9c59270c3fd7afecdb556c50c9e8de78 -> 
  custom:audio-decoder-ogg-vorbis: bf7c407c2cedff20999df2af8eb42d56 -> 
  custom:audio-encoder-webm-vorbis: bf7c407c2cedff20999df2af8eb42d56 -> 
========================================================================
Received Import Request.
  Time since last request: 86.851811 seconds.
  path: Assets/Script
  artifactKey: Guid(33e9cfe07fe3e6048a00bd2842ce6443) Importer(815301076,1909f56bfc062723c751e8b465ee728b)
Start importing Assets/Script using Guid(33e9cfe07fe3e6048a00bd2842ce6443) Importer(815301076,1909f56bfc062723c751e8b465ee728b)  -> (artifact id: '758298e4eb5bdf8820e688fc0b447ac1') in 0.010393 seconds 
  Import took 0.015584 seconds .

========================================================================
Received Prepare
Registering precompiled user dll's ...
Registered in 0.011878 seconds.
Begin MonoManager ReloadAssembly
Native extension for WindowsStandalone target not found
Refreshing native plugins compatible for Editor in 0.78 ms, found 3 plugins.
Preloading 0 native plugins for Editor in 0.00 ms.
Mono: successfully reloaded assembly
- Completed reload, in  2.489 seconds
Platform modules already initialized, skipping
Refreshing native plugins compatible for Editor in 0.81 ms, found 3 plugins.
Preloading 0 native plugins for Editor in 0.00 ms.
Unloading 2077 Unused Serialized files (Serialized files now loaded: 0)
System memory in use before: 98.6 MB.
System memory in use after: 98.6 MB.

Unloading 21 unused Assets to reduce memory usage. Loaded Objects now: 2583.
Total: 4.297100 ms (FindLiveObjects: 0.327100 ms CreateObjectMapping: 0.141400 ms MarkObjects: 3.588500 ms  DeleteObjects: 0.237600 ms)

AssetImportParameters requested are different than current active one (requested -> active):
  custom:framework-win-MediaFoundation: 216162199b28c13a410421893ffa2e32 -> 
  custom:video-decoder-ogg-theora: a1e56fd34408186e4bbccfd4996cb3dc -> 
  custom:container-muxer-webm: aa71ff27fc2769a1b78a27578f13a17b -> 
  custom:container-demuxer-webm: 4f35f7cbe854078d1ac9338744f61a02 -> 
  custom:container-demuxer-ogg: 62fdf1f143b41e24485cea50d1cbac27 -> 
  custom:video-encoder-webm-vp8: eb34c28f22e8b96e1ab97ce403110664 -> 
  custom:video-codec-MediaFoundation-h265: 746d11721c4dcdbdad8f713fa42b33f4 -> 
  custom:video-decoder-webm-vp8: 9c59270c3fd7afecdb556c50c9e8de78 -> 
  custom:audio-decoder-ogg-vorbis: bf7c407c2cedff20999df2af8eb42d56 -> 
  custom:audio-encoder-webm-vorbis: bf7c407c2cedff20999df2af8eb42d56 -> 
========================================================================
Received Prepare
Registering precompiled user dll's ...
Registered in 0.011045 seconds.
Begin MonoManager ReloadAssembly
Native extension for WindowsStandalone target not found
Refreshing native plugins compatible for Editor in 0.57 ms, found 3 plugins.
Preloading 0 native plugins for Editor in 0.00 ms.
Mono: successfully reloaded assembly
- Completed reload, in  1.395 seconds
Platform modules already initialized, skipping
Refreshing native plugins compatible for Editor in 3.59 ms, found 3 plugins.
Preloading 0 native plugins for Editor in 0.00 ms.
Unloading 2077 Unused Serialized files (Serialized files now loaded: 0)
System memory in use before: 98.6 MB.
System memory in use after: 98.6 MB.

Unloading 21 unused Assets to reduce memory usage. Loaded Objects now: 2587.
Total: 13.167100 ms (FindLiveObjects: 1.549200 ms CreateObjectMapping: 0.448000 ms MarkObjects: 6.929100 ms  DeleteObjects: 4.230400 ms)

AssetImportParameters requested are different than current active one (requested -> active):
  custom:framework-win-MediaFoundation: 216162199b28c13a410421893ffa2e32 -> 
  custom:video-decoder-ogg-theora: a1e56fd34408186e4bbccfd4996cb3dc -> 
  custom:container-muxer-webm: aa71ff27fc2769a1b78a27578f13a17b -> 
  custom:container-demuxer-webm: 4f35f7cbe854078d1ac9338744f61a02 -> 
  custom:container-demuxer-ogg: 62fdf1f143b41e24485cea50d1cbac27 -> 
  custom:video-encoder-webm-vp8: eb34c28f22e8b96e1ab97ce403110664 -> 
  custom:video-codec-MediaFoundation-h265: 746d11721c4dcdbdad8f713fa42b33f4 -> 
  custom:video-decoder-webm-vp8: 9c59270c3fd7afecdb556c50c9e8de78 -> 
  custom:audio-decoder-ogg-vorbis: bf7c407c2cedff20999df2af8eb42d56 -> 
  custom:audio-encoder-webm-vorbis: bf7c407c2cedff20999df2af8eb42d56 -> 
========================================================================
Received Prepare
Registering precompiled user dll's ...
Registered in 0.013736 seconds.
Begin MonoManager ReloadAssembly
Native extension for WindowsStandalone target not found
Refreshing native plugins compatible for Editor in 0.50 ms, found 3 plugins.
Preloading 0 native plugins for Editor in 0.00 ms.
Mono: successfully reloaded assembly
- Completed reload, in  1.954 seconds
Platform modules already initialized, skipping
Refreshing native plugins compatible for Editor in 0.89 ms, found 3 plugins.
Preloading 0 native plugins for Editor in 0.00 ms.
Unloading 2077 Unused Serialized files (Serialized files now loaded: 0)
System memory in use before: 98.6 MB.
System memory in use after: 98.6 MB.

Unloading 21 unused Assets to reduce memory usage. Loaded Objects now: 2591.
Total: 3.876700 ms (FindLiveObjects: 0.389500 ms CreateObjectMapping: 0.183500 ms MarkObjects: 3.123500 ms  DeleteObjects: 0.178000 ms)

AssetImportParameters requested are different than current active one (requested -> active):
  custom:framework-win-MediaFoundation: 216162199b28c13a410421893ffa2e32 -> 
  custom:video-decoder-ogg-theora: a1e56fd34408186e4bbccfd4996cb3dc -> 
  custom:container-muxer-webm: aa71ff27fc2769a1b78a27578f13a17b -> 
  custom:container-demuxer-webm: 4f35f7cbe854078d1ac9338744f61a02 -> 
  custom:container-demuxer-ogg: 62fdf1f143b41e24485cea50d1cbac27 -> 
  custom:video-encoder-webm-vp8: eb34c28f22e8b96e1ab97ce403110664 -> 
  custom:video-codec-MediaFoundation-h265: 746d11721c4dcdbdad8f713fa42b33f4 -> 
  custom:video-decoder-webm-vp8: 9c59270c3fd7afecdb556c50c9e8de78 -> 
  custom:audio-decoder-ogg-vorbis: bf7c407c2cedff20999df2af8eb42d56 -> 
  custom:audio-encoder-webm-vorbis: bf7c407c2cedff20999df2af8eb42d56 -> 
========================================================================
Received Import Request.
  Time since last request: 219.876292 seconds.
  path: Assets/ChickBall.prefab
  artifactKey: Guid(0ad1fff90d9fa8848bfe6716bdfcabf6) Importer(815301076,1909f56bfc062723c751e8b465ee728b)
Start importing Assets/ChickBall.prefab using Guid(0ad1fff90d9fa8848bfe6716bdfcabf6) Importer(815301076,1909f56bfc062723c751e8b465ee728b)  -> (artifact id: 'eb54c0fd91d004c36be4bdd9f0dd54aa') in 0.104341 seconds 
  Import took 0.113149 seconds .

========================================================================
Received Prepare
Registering precompiled user dll's ...
Registered in 0.010156 seconds.
Begin MonoManager ReloadAssembly
Native extension for WindowsStandalone target not found
Refreshing native plugins compatible for Editor in 0.49 ms, found 3 plugins.
Preloading 0 native plugins for Editor in 0.00 ms.
Mono: successfully reloaded assembly
- Completed reload, in  1.359 seconds
Platform modules already initialized, skipping
Refreshing native plugins compatible for Editor in 0.77 ms, found 3 plugins.
Preloading 0 native plugins for Editor in 0.00 ms.
Unloading 2077 Unused Serialized files (Serialized files now loaded: 0)
System memory in use before: 98.6 MB.
System memory in use after: 98.6 MB.

Unloading 21 unused Assets to reduce memory usage. Loaded Objects now: 2596.
Total: 2.591800 ms (FindLiveObjects: 0.236500 ms CreateObjectMapping: 0.096100 ms MarkObjects: 2.136100 ms  DeleteObjects: 0.121800 ms)

AssetImportParameters requested are different than current active one (requested -> active):
  custom:framework-win-MediaFoundation: 216162199b28c13a410421893ffa2e32 -> 
  custom:video-decoder-ogg-theora: a1e56fd34408186e4bbccfd4996cb3dc -> 
  custom:container-muxer-webm: aa71ff27fc2769a1b78a27578f13a17b -> 
  custom:container-demuxer-webm: 4f35f7cbe854078d1ac9338744f61a02 -> 
  custom:container-demuxer-ogg: 62fdf1f143b41e24485cea50d1cbac27 -> 
  custom:video-encoder-webm-vp8: eb34c28f22e8b96e1ab97ce403110664 -> 
  custom:video-codec-MediaFoundation-h265: 746d11721c4dcdbdad8f713fa42b33f4 -> 
  custom:video-decoder-webm-vp8: 9c59270c3fd7afecdb556c50c9e8de78 -> 
  custom:audio-decoder-ogg-vorbis: bf7c407c2cedff20999df2af8eb42d56 -> 
  custom:audio-encoder-webm-vorbis: bf7c407c2cedff20999df2af8eb42d56 -> 
========================================================================
Received Import Request.
  Time since last request: 254.458338 seconds.
  path: Assets/Script/ChickGenerator.cs
  artifactKey: Guid(572d55fe257f8ba45b98c8b52c78ac8c) Importer(815301076,1909f56bfc062723c751e8b465ee728b)
Start importing Assets/Script/ChickGenerator.cs using Guid(572d55fe257f8ba45b98c8b52c78ac8c) Importer(815301076,1909f56bfc062723c751e8b465ee728b)  -> (artifact id: 'e64165583c80347c0ea0e53a993bb420') in 0.056821 seconds 
  Import took 0.066215 seconds .

========================================================================
Received Prepare
Registering precompiled user dll's ...
Registered in 0.009927 seconds.
Begin MonoManager ReloadAssembly
Native extension for WindowsStandalone target not found
Refreshing native plugins compatible for Editor in 0.68 ms, found 3 plugins.
Preloading 0 native plugins for Editor in 0.00 ms.
Mono: successfully reloaded assembly
- Completed reload, in  2.046 seconds
Platform modules already initialized, skipping
Refreshing native plugins compatible for Editor in 0.88 ms, found 3 plugins.
Preloading 0 native plugins for Editor in 0.00 ms.
Unloading 2078 Unused Serialized files (Serialized files now loaded: 0)
System memory in use before: 98.7 MB.
System memory in use after: 98.6 MB.

Unloading 21 unused Assets to reduce memory usage. Loaded Objects now: 2601.
Total: 3.960900 ms (FindLiveObjects: 0.378500 ms CreateObjectMapping: 0.192800 ms MarkObjects: 3.196200 ms  DeleteObjects: 0.190900 ms)

AssetImportParameters requested are different than current active one (requested -> active):
  custom:framework-win-MediaFoundation: 216162199b28c13a410421893ffa2e32 -> 
  custom:video-decoder-ogg-theora: a1e56fd34408186e4bbccfd4996cb3dc -> 
  custom:container-muxer-webm: aa71ff27fc2769a1b78a27578f13a17b -> 
  custom:container-demuxer-webm: 4f35f7cbe854078d1ac9338744f61a02 -> 
  custom:container-demuxer-ogg: 62fdf1f143b41e24485cea50d1cbac27 -> 
  custom:video-encoder-webm-vp8: eb34c28f22e8b96e1ab97ce403110664 -> 
  custom:video-codec-MediaFoundation-h265: 746d11721c4dcdbdad8f713fa42b33f4 -> 
  custom:video-decoder-webm-vp8: 9c59270c3fd7afecdb556c50c9e8de78 -> 
  custom:audio-decoder-ogg-vorbis: bf7c407c2cedff20999df2af8eb42d56 -> 
  custom:audio-encoder-webm-vorbis: bf7c407c2cedff20999df2af8eb42d56 -> 
========================================================================
Received Import Request.
  Time since last request: 110.612240 seconds.
  path: Assets/Script/ChickGenerator.cs
  artifactKey: Guid(572d55fe257f8ba45b98c8b52c78ac8c) Importer(815301076,1909f56bfc062723c751e8b465ee728b)
Start importing Assets/Script/ChickGenerator.cs using Guid(572d55fe257f8ba45b98c8b52c78ac8c) Importer(815301076,1909f56bfc062723c751e8b465ee728b)  -> (artifact id: 'f3a5f14a439291105cbb4426071de056') in 0.022242 seconds 
  Import took 0.038671 seconds .

========================================================================
Received Import Request.
  Time since last request: 73.948326 seconds.
  path: Assets/Script/ChickGenerator.cs
  artifactKey: Guid(572d55fe257f8ba45b98c8b52c78ac8c) Importer(815301076,1909f56bfc062723c751e8b465ee728b)
Start importing Assets/Script/ChickGenerator.cs using Guid(572d55fe257f8ba45b98c8b52c78ac8c) Importer(815301076,1909f56bfc062723c751e8b465ee728b)  -> (artifact id: '5ef0f1fdb14c5087fb04eeda76947626') in 0.012145 seconds 
  Import took 0.016997 seconds .

========================================================================
Received Import Request.
  Time since last request: 0.253342 seconds.
  path: Assets/Script/ChickGenerator.cs
  artifactKey: Guid(572d55fe257f8ba45b98c8b52c78ac8c) Importer(815301076,1909f56bfc062723c751e8b465ee728b)
Start importing Assets/Script/ChickGenerator.cs using Guid(572d55fe257f8ba45b98c8b52c78ac8c) Importer(815301076,1909f56bfc062723c751e8b465ee728b)  -> (artifact id: '5ef0f1fdb14c5087fb04eeda76947626') in 0.012240 seconds 
  Import took 0.039688 seconds .

========================================================================
Received Prepare
Registering precompiled user dll's ...
Registered in 0.016952 seconds.
Begin MonoManager ReloadAssembly
Native extension for WindowsStandalone target not found
Refreshing native plugins compatible for Editor in 0.49 ms, found 3 plugins.
Preloading 0 native plugins for Editor in 0.00 ms.
Mono: successfully reloaded assembly
- Completed reload, in  1.346 seconds
Platform modules already initialized, skipping
Refreshing native plugins compatible for Editor in 0.98 ms, found 3 plugins.
Preloading 0 native plugins for Editor in 0.00 ms.
Unloading 2078 Unused Serialized files (Serialized files now loaded: 0)
System memory in use before: 98.7 MB.
System memory in use after: 98.6 MB.

Unloading 21 unused Assets to reduce memory usage. Loaded Objects now: 2605.
Total: 2.719200 ms (FindLiveObjects: 0.225800 ms CreateObjectMapping: 0.098600 ms MarkObjects: 2.268700 ms  DeleteObjects: 0.125000 ms)

AssetImportParameters requested are different than current active one (requested -> active):
  custom:framework-win-MediaFoundation: 216162199b28c13a410421893ffa2e32 -> 
  custom:video-decoder-ogg-theora: a1e56fd34408186e4bbccfd4996cb3dc -> 
  custom:container-muxer-webm: aa71ff27fc2769a1b78a27578f13a17b -> 
  custom:container-demuxer-webm: 4f35f7cbe854078d1ac9338744f61a02 -> 
  custom:container-demuxer-ogg: 62fdf1f143b41e24485cea50d1cbac27 -> 
  custom:video-encoder-webm-vp8: eb34c28f22e8b96e1ab97ce403110664 -> 
  custom:video-codec-MediaFoundation-h265: 746d11721c4dcdbdad8f713fa42b33f4 -> 
  custom:video-decoder-webm-vp8: 9c59270c3fd7afecdb556c50c9e8de78 -> 
  custom:audio-decoder-ogg-vorbis: bf7c407c2cedff20999df2af8eb42d56 -> 
  custom:audio-encoder-webm-vorbis: bf7c407c2cedff20999df2af8eb42d56 -> 
========================================================================
Received Import Request.
  Time since last request: 28.544131 seconds.
  path: Assets/Script/ChickGenerator.cs
  artifactKey: Guid(572d55fe257f8ba45b98c8b52c78ac8c) Importer(815301076,1909f56bfc062723c751e8b465ee728b)
Start importing Assets/Script/ChickGenerator.cs using Guid(572d55fe257f8ba45b98c8b52c78ac8c) Importer(815301076,1909f56bfc062723c751e8b465ee728b)  -> (artifact id: '43b1d71533a0ed6c04c2929c56f229c9') in 0.016098 seconds 
  Import took 0.021076 seconds .

========================================================================
Received Import Request.
  Time since last request: 0.109843 seconds.
  path: Assets/Script/ChickGenerator.cs
  artifactKey: Guid(572d55fe257f8ba45b98c8b52c78ac8c) Importer(815301076,1909f56bfc062723c751e8b465ee728b)
Start importing Assets/Script/ChickGenerator.cs using Guid(572d55fe257f8ba45b98c8b52c78ac8c) Importer(815301076,1909f56bfc062723c751e8b465ee728b)  -> (artifact id: '43b1d71533a0ed6c04c2929c56f229c9') in 0.072177 seconds 
  Import took 0.081733 seconds .

========================================================================
Received Prepare
Registering precompiled user dll's ...
Registered in 0.013439 seconds.
Begin MonoManager ReloadAssembly
Native extension for WindowsStandalone target not found
Refreshing native plugins compatible for Editor in 0.48 ms, found 3 plugins.
Preloading 0 native plugins for Editor in 0.00 ms.
Mono: successfully reloaded assembly
- Completed reload, in  1.415 seconds
Platform modules already initialized, skipping
Refreshing native plugins compatible for Editor in 9.71 ms, found 3 plugins.
Preloading 0 native plugins for Editor in 0.00 ms.
Unloading 2078 Unused Serialized files (Serialized files now loaded: 0)
System memory in use before: 98.7 MB.
System memory in use after: 98.6 MB.

Unloading 21 unused Assets to reduce memory usage. Loaded Objects now: 2609.
Total: 2.502600 ms (FindLiveObjects: 0.247100 ms CreateObjectMapping: 0.098100 ms MarkObjects: 2.034500 ms  DeleteObjects: 0.121500 ms)

AssetImportParameters requested are different than current active one (requested -> active):
  custom:framework-win-MediaFoundation: 216162199b28c13a410421893ffa2e32 -> 
  custom:video-decoder-ogg-theora: a1e56fd34408186e4bbccfd4996cb3dc -> 
  custom:container-muxer-webm: aa71ff27fc2769a1b78a27578f13a17b -> 
  custom:container-demuxer-webm: 4f35f7cbe854078d1ac9338744f61a02 -> 
  custom:container-demuxer-ogg: 62fdf1f143b41e24485cea50d1cbac27 -> 
  custom:video-encoder-webm-vp8: eb34c28f22e8b96e1ab97ce403110664 -> 
  custom:video-codec-MediaFoundation-h265: 746d11721c4dcdbdad8f713fa42b33f4 -> 
  custom:video-decoder-webm-vp8: 9c59270c3fd7afecdb556c50c9e8de78 -> 
  custom:audio-decoder-ogg-vorbis: bf7c407c2cedff20999df2af8eb42d56 -> 
  custom:audio-encoder-webm-vorbis: bf7c407c2cedff20999df2af8eb42d56 -> 
========================================================================
Received Prepare
Registering precompiled user dll's ...
Registered in 0.011160 seconds.
Begin MonoManager ReloadAssembly
Native extension for WindowsStandalone target not found
Refreshing native plugins compatible for Editor in 0.49 ms, found 3 plugins.
Preloading 0 native plugins for Editor in 0.00 ms.
Mono: successfully reloaded assembly
- Completed reload, in  1.421 seconds
Platform modules already initialized, skipping
Refreshing native plugins compatible for Editor in 0.78 ms, found 3 plugins.
Preloading 0 native plugins for Editor in 0.00 ms.
Unloading 2078 Unused Serialized files (Serialized files now loaded: 0)
System memory in use before: 98.7 MB.
System memory in use after: 98.7 MB.

Unloading 21 unused Assets to reduce memory usage. Loaded Objects now: 2613.
Total: 3.386100 ms (FindLiveObjects: 0.337200 ms CreateObjectMapping: 0.171600 ms MarkObjects: 2.748400 ms  DeleteObjects: 0.127100 ms)

AssetImportParameters requested are different than current active one (requested -> active):
  custom:framework-win-MediaFoundation: 216162199b28c13a410421893ffa2e32 -> 
  custom:video-decoder-ogg-theora: a1e56fd34408186e4bbccfd4996cb3dc -> 
  custom:container-muxer-webm: aa71ff27fc2769a1b78a27578f13a17b -> 
  custom:container-demuxer-webm: 4f35f7cbe854078d1ac9338744f61a02 -> 
  custom:container-demuxer-ogg: 62fdf1f143b41e24485cea50d1cbac27 -> 
  custom:video-encoder-webm-vp8: eb34c28f22e8b96e1ab97ce403110664 -> 
  custom:video-codec-MediaFoundation-h265: 746d11721c4dcdbdad8f713fa42b33f4 -> 
  custom:video-decoder-webm-vp8: 9c59270c3fd7afecdb556c50c9e8de78 -> 
  custom:audio-decoder-ogg-vorbis: bf7c407c2cedff20999df2af8eb42d56 -> 
  custom:audio-encoder-webm-vorbis: bf7c407c2cedff20999df2af8eb42d56 -> 
========================================================================
Received Import Request.
  Time since last request: 207.102551 seconds.
  path: Assets/ChickPhysics.physicsMaterial2D
  artifactKey: Guid(64e1922c83122174f81457dab5124cc9) Importer(815301076,1909f56bfc062723c751e8b465ee728b)
Start importing Assets/ChickPhysics.physicsMaterial2D using Guid(64e1922c83122174f81457dab5124cc9) Importer(815301076,1909f56bfc062723c751e8b465ee728b)  -> (artifact id: '4f2427cf8fb88d8c5f89a58337546408') in 0.020881 seconds 
  Import took 0.024717 seconds .

========================================================================
Received Import Request.
  Time since last request: 8.847649 seconds.
  path: Assets/ChickBall.prefab
  artifactKey: Guid(0ad1fff90d9fa8848bfe6716bdfcabf6) Importer(815301076,1909f56bfc062723c751e8b465ee728b)
Start importing Assets/ChickBall.prefab using Guid(0ad1fff90d9fa8848bfe6716bdfcabf6) Importer(815301076,1909f56bfc062723c751e8b465ee728b)  -> (artifact id: '8f00ca84a1116216d05bf658788ad1d3') in 0.097628 seconds 
  Import took 0.103013 seconds .

========================================================================
Received Import Request.
  Time since last request: 16.449161 seconds.
  path: Assets/ChickPhysics.physicsMaterial2D
  artifactKey: Guid(64e1922c83122174f81457dab5124cc9) Importer(815301076,1909f56bfc062723c751e8b465ee728b)
Start importing Assets/ChickPhysics.physicsMaterial2D using Guid(64e1922c83122174f81457dab5124cc9) Importer(815301076,1909f56bfc062723c751e8b465ee728b)  -> (artifact id: 'd406a85a22ab073f1b3b3f1745d9dae0') in 0.009915 seconds 
  Import took 0.016150 seconds .

========================================================================
Received Prepare
Registering precompiled user dll's ...
Registered in 0.010664 seconds.
Begin MonoManager ReloadAssembly
Native extension for WindowsStandalone target not found
Refreshing native plugins compatible for Editor in 0.49 ms, found 3 plugins.
Preloading 0 native plugins for Editor in 0.00 ms.
Mono: successfully reloaded assembly
- Completed reload, in  1.647 seconds
Platform modules already initialized, skipping
Refreshing native plugins compatible for Editor in 0.89 ms, found 3 plugins.
Preloading 0 native plugins for Editor in 0.00 ms.
Unloading 2078 Unused Serialized files (Serialized files now loaded: 0)
System memory in use before: 98.7 MB.
System memory in use after: 98.7 MB.

Unloading 21 unused Assets to reduce memory usage. Loaded Objects now: 2618.
Total: 4.550300 ms (FindLiveObjects: 0.530100 ms CreateObjectMapping: 0.218100 ms MarkObjects: 3.493800 ms  DeleteObjects: 0.305700 ms)

AssetImportParameters requested are different than current active one (requested -> active):
  custom:framework-win-MediaFoundation: 216162199b28c13a410421893ffa2e32 -> 
  custom:video-decoder-ogg-theora: a1e56fd34408186e4bbccfd4996cb3dc -> 
  custom:container-muxer-webm: aa71ff27fc2769a1b78a27578f13a17b -> 
  custom:container-demuxer-webm: 4f35f7cbe854078d1ac9338744f61a02 -> 
  custom:container-demuxer-ogg: 62fdf1f143b41e24485cea50d1cbac27 -> 
  custom:video-encoder-webm-vp8: eb34c28f22e8b96e1ab97ce403110664 -> 
  custom:video-codec-MediaFoundation-h265: 746d11721c4dcdbdad8f713fa42b33f4 -> 
  custom:video-decoder-webm-vp8: 9c59270c3fd7afecdb556c50c9e8de78 -> 
  custom:audio-decoder-ogg-vorbis: bf7c407c2cedff20999df2af8eb42d56 -> 
  custom:audio-encoder-webm-vorbis: bf7c407c2cedff20999df2af8eb42d56 -> 
========================================================================
Received Prepare
Registering precompiled user dll's ...
Registered in 0.016832 seconds.
Begin MonoManager ReloadAssembly
Native extension for WindowsStandalone target not found
Refreshing native plugins compatible for Editor in 0.52 ms, found 3 plugins.
Preloading 0 native plugins for Editor in 0.00 ms.
Mono: successfully reloaded assembly
- Completed reload, in  1.704 seconds
Platform modules already initialized, skipping
Refreshing native plugins compatible for Editor in 1.04 ms, found 3 plugins.
Preloading 0 native plugins for Editor in 0.00 ms.
Unloading 2078 Unused Serialized files (Serialized files now loaded: 0)
System memory in use before: 98.7 MB.
System memory in use after: 98.7 MB.

Unloading 21 unused Assets to reduce memory usage. Loaded Objects now: 2622.
Total: 3.945600 ms (FindLiveObjects: 0.352800 ms CreateObjectMapping: 0.156400 ms MarkObjects: 3.250200 ms  DeleteObjects: 0.184000 ms)

AssetImportParameters requested are different than current active one (requested -> active):
  custom:framework-win-MediaFoundation: 216162199b28c13a410421893ffa2e32 -> 
  custom:video-decoder-ogg-theora: a1e56fd34408186e4bbccfd4996cb3dc -> 
  custom:container-muxer-webm: aa71ff27fc2769a1b78a27578f13a17b -> 
  custom:container-demuxer-webm: 4f35f7cbe854078d1ac9338744f61a02 -> 
  custom:container-demuxer-ogg: 62fdf1f143b41e24485cea50d1cbac27 -> 
  custom:video-encoder-webm-vp8: eb34c28f22e8b96e1ab97ce403110664 -> 
  custom:video-codec-MediaFoundation-h265: 746d11721c4dcdbdad8f713fa42b33f4 -> 
  custom:video-decoder-webm-vp8: 9c59270c3fd7afecdb556c50c9e8de78 -> 
  custom:audio-decoder-ogg-vorbis: bf7c407c2cedff20999df2af8eb42d56 -> 
  custom:audio-encoder-webm-vorbis: bf7c407c2cedff20999df2af8eb42d56 -> 
========================================================================
Received Import Request.
  Time since last request: 89.777463 seconds.
  path: Assets/ChickBall.prefab
  artifactKey: Guid(0ad1fff90d9fa8848bfe6716bdfcabf6) Importer(815301076,1909f56bfc062723c751e8b465ee728b)
Start importing Assets/ChickBall.prefab using Guid(0ad1fff90d9fa8848bfe6716bdfcabf6) Importer(815301076,1909f56bfc062723c751e8b465ee728b)  -> (artifact id: '13e0d34a6e68adb246dab1fe245eba3f') in 0.090637 seconds 
  Import took 0.097120 seconds .

========================================================================
Received Import Request.
  Time since last request: 3.364029 seconds.
  path: Assets/ChickBall.prefab
  artifactKey: Guid(0ad1fff90d9fa8848bfe6716bdfcabf6) Importer(815301076,1909f56bfc062723c751e8b465ee728b)
Start importing Assets/ChickBall.prefab using Guid(0ad1fff90d9fa8848bfe6716bdfcabf6) Importer(815301076,1909f56bfc062723c751e8b465ee728b)  -> (artifact id: '03a163022cb6140b37fd25fc900ad5f8') in 0.037835 seconds 
  Import took 0.047901 seconds .

========================================================================
Received Import Request.
  Time since last request: 0.000922 seconds.
  path: Assets/ChickBall.prefab
  artifactKey: Guid(0ad1fff90d9fa8848bfe6716bdfcabf6) Importer(815301076,1909f56bfc062723c751e8b465ee728b)
Start importing Assets/ChickBall.prefab using Guid(0ad1fff90d9fa8848bfe6716bdfcabf6) Importer(815301076,1909f56bfc062723c751e8b465ee728b)  -> (artifact id: '03a163022cb6140b37fd25fc900ad5f8') in 0.032687 seconds 
  Import took 0.037904 seconds .

AssetImportWorkerClient::OnTransportError - code=2 error=End of file
